<?xml version="1.0" encoding="UTF-8"?>
<testsuite xmlns:xsi="http://www.w3.org/2001/XMLSchema-instance" xsi:noNamespaceSchemaLocation="https://maven.apache.org/surefire/maven-surefire-plugin/xsd/surefire-test-report.xsd" version="3.0.2" name="TestSuite" time="24.996" tests="3" errors="0" skipped="0" failures="0">
  <properties>
    <property name="java.specification.version" value="17"/>
    <property name="webdriver.chrome.driver" value="C:\Users\dudek\.cache\selenium\chromedriver\win64\127.0.6533.99\chromedriver.exe"/>
    <property name="sun.cpu.isalist" value="amd64"/>
    <property name="sun.jnu.encoding" value="Cp1250"/>
    <property name="java.class.path" value="C:\Users\dudek\IdeaProjects\untitled\seleniumintro\target\test-classes;C:\Users\dudek\IdeaProjects\untitled\seleniumintro\target\classes;C:\Users\dudek\.m2\repository\javax\xml\bind\jaxb-api\2.3.0\jaxb-api-2.3.0.jar;C:\Users\dudek\.m2\repository\org\aspectj\aspectjweaver\1.9.20\aspectjweaver-1.9.20.jar;C:\Users\dudek\.m2\repository\io\qameta\allure\allure-testng\2.23.0\allure-testng-2.23.0.jar;C:\Users\dudek\.m2\repository\io\qameta\allure\allure-java-commons\2.23.0\allure-java-commons-2.23.0.jar;C:\Users\dudek\.m2\repository\io\qameta\allure\allure-model\2.23.0\allure-model-2.23.0.jar;C:\Users\dudek\.m2\repository\io\qameta\allure\allure-test-filter\2.23.0\allure-test-filter-2.23.0.jar;C:\Users\dudek\.m2\repository\org\seleniumhq\selenium\selenium-java\4.22.0\selenium-java-4.22.0.jar;C:\Users\dudek\.m2\repository\org\seleniumhq\selenium\selenium-api\4.22.0\selenium-api-4.22.0.jar;C:\Users\dudek\.m2\repository\org\seleniumhq\selenium\selenium-chrome-driver\4.22.0\selenium-chrome-driver-4.22.0.jar;C:\Users\dudek\.m2\repository\com\google\auto\service\auto-service-annotations\1.1.1\auto-service-annotations-1.1.1.jar;C:\Users\dudek\.m2\repository\org\seleniumhq\selenium\selenium-chromium-driver\4.22.0\selenium-chromium-driver-4.22.0.jar;C:\Users\dudek\.m2\repository\org\seleniumhq\selenium\selenium-json\4.22.0\selenium-json-4.22.0.jar;C:\Users\dudek\.m2\repository\org\seleniumhq\selenium\selenium-manager\4.22.0\selenium-manager-4.22.0.jar;C:\Users\dudek\.m2\repository\org\seleniumhq\selenium\selenium-devtools-v124\4.22.0\selenium-devtools-v124-4.22.0.jar;C:\Users\dudek\.m2\repository\org\seleniumhq\selenium\selenium-devtools-v125\4.22.0\selenium-devtools-v125-4.22.0.jar;C:\Users\dudek\.m2\repository\org\seleniumhq\selenium\selenium-devtools-v126\4.22.0\selenium-devtools-v126-4.22.0.jar;C:\Users\dudek\.m2\repository\org\seleniumhq\selenium\selenium-devtools-v85\4.22.0\selenium-devtools-v85-4.22.0.jar;C:\Users\dudek\.m2\repository\org\seleniumhq\selenium\selenium-edge-driver\4.22.0\selenium-edge-driver-4.22.0.jar;C:\Users\dudek\.m2\repository\org\seleniumhq\selenium\selenium-firefox-driver\4.22.0\selenium-firefox-driver-4.22.0.jar;C:\Users\dudek\.m2\repository\org\seleniumhq\selenium\selenium-http\4.22.0\selenium-http-4.22.0.jar;C:\Users\dudek\.m2\repository\dev\failsafe\failsafe\3.3.2\failsafe-3.3.2.jar;C:\Users\dudek\.m2\repository\org\seleniumhq\selenium\selenium-ie-driver\4.22.0\selenium-ie-driver-4.22.0.jar;C:\Users\dudek\.m2\repository\org\seleniumhq\selenium\selenium-remote-driver\4.22.0\selenium-remote-driver-4.22.0.jar;C:\Users\dudek\.m2\repository\com\google\guava\guava\33.2.1-jre\guava-33.2.1-jre.jar;C:\Users\dudek\.m2\repository\com\google\guava\failureaccess\1.0.2\failureaccess-1.0.2.jar;C:\Users\dudek\.m2\repository\com\google\guava\listenablefuture\9999.0-empty-to-avoid-conflict-with-guava\listenablefuture-9999.0-empty-to-avoid-conflict-with-guava.jar;C:\Users\dudek\.m2\repository\com\google\code\findbugs\jsr305\3.0.2\jsr305-3.0.2.jar;C:\Users\dudek\.m2\repository\org\checkerframework\checker-qual\3.42.0\checker-qual-3.42.0.jar;C:\Users\dudek\.m2\repository\com\google\j2objc\j2objc-annotations\3.0.0\j2objc-annotations-3.0.0.jar;C:\Users\dudek\.m2\repository\io\opentelemetry\semconv\opentelemetry-semconv\1.25.0-alpha\opentelemetry-semconv-1.25.0-alpha.jar;C:\Users\dudek\.m2\repository\io\opentelemetry\opentelemetry-api\1.39.0\opentelemetry-api-1.39.0.jar;C:\Users\dudek\.m2\repository\io\opentelemetry\opentelemetry-context\1.39.0\opentelemetry-context-1.39.0.jar;C:\Users\dudek\.m2\repository\io\opentelemetry\opentelemetry-exporter-logging\1.39.0\opentelemetry-exporter-logging-1.39.0.jar;C:\Users\dudek\.m2\repository\io\opentelemetry\opentelemetry-sdk-common\1.39.0\opentelemetry-sdk-common-1.39.0.jar;C:\Users\dudek\.m2\repository\io\opentelemetry\opentelemetry-sdk-extension-autoconfigure-spi\1.39.0\opentelemetry-sdk-extension-autoconfigure-spi-1.39.0.jar;C:\Users\dudek\.m2\repository\io\opentelemetry\opentelemetry-sdk-extension-autoconfigure\1.39.0\opentelemetry-sdk-extension-autoconfigure-1.39.0.jar;C:\Users\dudek\.m2\repository\io\opentelemetry\opentelemetry-api-incubator\1.39.0-alpha\opentelemetry-api-incubator-1.39.0-alpha.jar;C:\Users\dudek\.m2\repository\io\opentelemetry\opentelemetry-sdk-trace\1.39.0\opentelemetry-sdk-trace-1.39.0.jar;C:\Users\dudek\.m2\repository\io\opentelemetry\opentelemetry-sdk\1.39.0\opentelemetry-sdk-1.39.0.jar;C:\Users\dudek\.m2\repository\io\opentelemetry\opentelemetry-sdk-metrics\1.39.0\opentelemetry-sdk-metrics-1.39.0.jar;C:\Users\dudek\.m2\repository\io\opentelemetry\opentelemetry-sdk-logs\1.39.0\opentelemetry-sdk-logs-1.39.0.jar;C:\Users\dudek\.m2\repository\org\seleniumhq\selenium\selenium-os\4.22.0\selenium-os-4.22.0.jar;C:\Users\dudek\.m2\repository\org\apache\commons\commons-exec\1.4.0\commons-exec-1.4.0.jar;C:\Users\dudek\.m2\repository\org\seleniumhq\selenium\selenium-safari-driver\4.22.0\selenium-safari-driver-4.22.0.jar;C:\Users\dudek\.m2\repository\org\seleniumhq\selenium\selenium-support\4.22.0\selenium-support-4.22.0.jar;C:\Users\dudek\.m2\repository\org\testng\testng\7.8.0\testng-7.8.0.jar;C:\Users\dudek\.m2\repository\org\slf4j\slf4j-api\1.7.36\slf4j-api-1.7.36.jar;C:\Users\dudek\.m2\repository\com\beust\jcommander\1.82\jcommander-1.82.jar;C:\Users\dudek\.m2\repository\org\webjars\jquery\3.6.1\jquery-3.6.1.jar;C:\Users\dudek\.m2\repository\org\slf4j\slf4j-simple\2.0.13\slf4j-simple-2.0.13.jar;C:\Users\dudek\.m2\repository\io\github\bonigarcia\webdrivermanager\5.9.2\webdrivermanager-5.9.2.jar;C:\Users\dudek\.m2\repository\com\google\code\gson\gson\2.11.0\gson-2.11.0.jar;C:\Users\dudek\.m2\repository\com\google\errorprone\error_prone_annotations\2.27.0\error_prone_annotations-2.27.0.jar;C:\Users\dudek\.m2\repository\com\github\docker-java\docker-java\3.4.0\docker-java-3.4.0.jar;C:\Users\dudek\.m2\repository\com\github\docker-java\docker-java-core\3.4.0\docker-java-core-3.4.0.jar;C:\Users\dudek\.m2\repository\com\github\docker-java\docker-java-api\3.4.0\docker-java-api-3.4.0.jar;C:\Users\dudek\.m2\repository\com\fasterxml\jackson\core\jackson-annotations\2.10.3\jackson-annotations-2.10.3.jar;C:\Users\dudek\.m2\repository\com\fasterxml\jackson\core\jackson-databind\2.10.3\jackson-databind-2.10.3.jar;C:\Users\dudek\.m2\repository\com\fasterxml\jackson\core\jackson-core\2.10.3\jackson-core-2.10.3.jar;C:\Users\dudek\.m2\repository\org\slf4j\jcl-over-slf4j\1.7.30\jcl-over-slf4j-1.7.30.jar;C:\Users\dudek\.m2\repository\com\github\docker-java\docker-java-transport-httpclient5\3.4.0\docker-java-transport-httpclient5-3.4.0.jar;C:\Users\dudek\.m2\repository\com\github\docker-java\docker-java-transport\3.4.0\docker-java-transport-3.4.0.jar;C:\Users\dudek\.m2\repository\net\java\dev\jna\jna\5.13.0\jna-5.13.0.jar;C:\Users\dudek\.m2\repository\org\brotli\dec\0.1.2\dec-0.1.2.jar;C:\Users\dudek\.m2\repository\org\apache\commons\commons-lang3\3.15.0\commons-lang3-3.15.0.jar;C:\Users\dudek\.m2\repository\org\apache\commons\commons-compress\1.26.2\commons-compress-1.26.2.jar;C:\Users\dudek\.m2\repository\commons-codec\commons-codec\1.17.0\commons-codec-1.17.0.jar;C:\Users\dudek\.m2\repository\commons-io\commons-io\2.16.1\commons-io-2.16.1.jar;C:\Users\dudek\.m2\repository\org\apache\httpcomponents\client5\httpclient5\5.2.1\httpclient5-5.2.1.jar;C:\Users\dudek\.m2\repository\org\apache\httpcomponents\core5\httpcore5\5.2\httpcore5-5.2.jar;C:\Users\dudek\.m2\repository\org\apache\httpcomponents\core5\httpcore5-h2\5.2\httpcore5-h2-5.2.jar;C:\Users\dudek\.m2\repository\org\apache\logging\log4j\log4j-core\2.23.1\log4j-core-2.23.1.jar;C:\Users\dudek\.m2\repository\org\apache\logging\log4j\log4j-api\2.23.1\log4j-api-2.23.1.jar;C:\Users\dudek\.m2\repository\org\assertj\assertj-core\3.26.3\assertj-core-3.26.3.jar;C:\Users\dudek\.m2\repository\net\bytebuddy\byte-buddy\1.14.18\byte-buddy-1.14.18.jar;"/>
    <property name="java.vm.vendor" value="Oracle Corporation"/>
    <property name="sun.arch.data.model" value="64"/>
    <property name="user.variant" value=""/>
    <property name="java.vendor.url" value="https://java.oracle.com/"/>
    <property name="user.timezone" value="Europe/Warsaw"/>
    <property name="os.name" value="Windows 10"/>
    <property name="java.vm.specification.version" value="17"/>
    <property name="sun.java.launcher" value="SUN_STANDARD"/>
    <property name="user.country" value="PL"/>
    <property name="sun.boot.library.path" value="C:\Program Files\Java\jdk-17.0.11\bin"/>
    <property name="sun.java.command" value="C:\Users\dudek\AppData\Local\Temp\surefire14731006288087938338\surefirebooter-20240809150022400_3.jar C:\Users\dudek\AppData\Local\Temp\surefire14731006288087938338 2024-08-09T15-00-22_152-jvmRun1 surefire-20240809150022400_1tmp surefire_0-20240809150022400_2tmp"/>
    <property name="jdk.debug" value="release"/>
    <property name="surefire.test.class.path" value="C:\Users\dudek\IdeaProjects\untitled\seleniumintro\target\test-classes;C:\Users\dudek\IdeaProjects\untitled\seleniumintro\target\classes;C:\Users\dudek\.m2\repository\javax\xml\bind\jaxb-api\2.3.0\jaxb-api-2.3.0.jar;C:\Users\dudek\.m2\repository\org\aspectj\aspectjweaver\1.9.20\aspectjweaver-1.9.20.jar;C:\Users\dudek\.m2\repository\io\qameta\allure\allure-testng\2.23.0\allure-testng-2.23.0.jar;C:\Users\dudek\.m2\repository\io\qameta\allure\allure-java-commons\2.23.0\allure-java-commons-2.23.0.jar;C:\Users\dudek\.m2\repository\io\qameta\allure\allure-model\2.23.0\allure-model-2.23.0.jar;C:\Users\dudek\.m2\repository\io\qameta\allure\allure-test-filter\2.23.0\allure-test-filter-2.23.0.jar;C:\Users\dudek\.m2\repository\org\seleniumhq\selenium\selenium-java\4.22.0\selenium-java-4.22.0.jar;C:\Users\dudek\.m2\repository\org\seleniumhq\selenium\selenium-api\4.22.0\selenium-api-4.22.0.jar;C:\Users\dudek\.m2\repository\org\seleniumhq\selenium\selenium-chrome-driver\4.22.0\selenium-chrome-driver-4.22.0.jar;C:\Users\dudek\.m2\repository\com\google\auto\service\auto-service-annotations\1.1.1\auto-service-annotations-1.1.1.jar;C:\Users\dudek\.m2\repository\org\seleniumhq\selenium\selenium-chromium-driver\4.22.0\selenium-chromium-driver-4.22.0.jar;C:\Users\dudek\.m2\repository\org\seleniumhq\selenium\selenium-json\4.22.0\selenium-json-4.22.0.jar;C:\Users\dudek\.m2\repository\org\seleniumhq\selenium\selenium-manager\4.22.0\selenium-manager-4.22.0.jar;C:\Users\dudek\.m2\repository\org\seleniumhq\selenium\selenium-devtools-v124\4.22.0\selenium-devtools-v124-4.22.0.jar;C:\Users\dudek\.m2\repository\org\seleniumhq\selenium\selenium-devtools-v125\4.22.0\selenium-devtools-v125-4.22.0.jar;C:\Users\dudek\.m2\repository\org\seleniumhq\selenium\selenium-devtools-v126\4.22.0\selenium-devtools-v126-4.22.0.jar;C:\Users\dudek\.m2\repository\org\seleniumhq\selenium\selenium-devtools-v85\4.22.0\selenium-devtools-v85-4.22.0.jar;C:\Users\dudek\.m2\repository\org\seleniumhq\selenium\selenium-edge-driver\4.22.0\selenium-edge-driver-4.22.0.jar;C:\Users\dudek\.m2\repository\org\seleniumhq\selenium\selenium-firefox-driver\4.22.0\selenium-firefox-driver-4.22.0.jar;C:\Users\dudek\.m2\repository\org\seleniumhq\selenium\selenium-http\4.22.0\selenium-http-4.22.0.jar;C:\Users\dudek\.m2\repository\dev\failsafe\failsafe\3.3.2\failsafe-3.3.2.jar;C:\Users\dudek\.m2\repository\org\seleniumhq\selenium\selenium-ie-driver\4.22.0\selenium-ie-driver-4.22.0.jar;C:\Users\dudek\.m2\repository\org\seleniumhq\selenium\selenium-remote-driver\4.22.0\selenium-remote-driver-4.22.0.jar;C:\Users\dudek\.m2\repository\com\google\guava\guava\33.2.1-jre\guava-33.2.1-jre.jar;C:\Users\dudek\.m2\repository\com\google\guava\failureaccess\1.0.2\failureaccess-1.0.2.jar;C:\Users\dudek\.m2\repository\com\google\guava\listenablefuture\9999.0-empty-to-avoid-conflict-with-guava\listenablefuture-9999.0-empty-to-avoid-conflict-with-guava.jar;C:\Users\dudek\.m2\repository\com\google\code\findbugs\jsr305\3.0.2\jsr305-3.0.2.jar;C:\Users\dudek\.m2\repository\org\checkerframework\checker-qual\3.42.0\checker-qual-3.42.0.jar;C:\Users\dudek\.m2\repository\com\google\j2objc\j2objc-annotations\3.0.0\j2objc-annotations-3.0.0.jar;C:\Users\dudek\.m2\repository\io\opentelemetry\semconv\opentelemetry-semconv\1.25.0-alpha\opentelemetry-semconv-1.25.0-alpha.jar;C:\Users\dudek\.m2\repository\io\opentelemetry\opentelemetry-api\1.39.0\opentelemetry-api-1.39.0.jar;C:\Users\dudek\.m2\repository\io\opentelemetry\opentelemetry-context\1.39.0\opentelemetry-context-1.39.0.jar;C:\Users\dudek\.m2\repository\io\opentelemetry\opentelemetry-exporter-logging\1.39.0\opentelemetry-exporter-logging-1.39.0.jar;C:\Users\dudek\.m2\repository\io\opentelemetry\opentelemetry-sdk-common\1.39.0\opentelemetry-sdk-common-1.39.0.jar;C:\Users\dudek\.m2\repository\io\opentelemetry\opentelemetry-sdk-extension-autoconfigure-spi\1.39.0\opentelemetry-sdk-extension-autoconfigure-spi-1.39.0.jar;C:\Users\dudek\.m2\repository\io\opentelemetry\opentelemetry-sdk-extension-autoconfigure\1.39.0\opentelemetry-sdk-extension-autoconfigure-1.39.0.jar;C:\Users\dudek\.m2\repository\io\opentelemetry\opentelemetry-api-incubator\1.39.0-alpha\opentelemetry-api-incubator-1.39.0-alpha.jar;C:\Users\dudek\.m2\repository\io\opentelemetry\opentelemetry-sdk-trace\1.39.0\opentelemetry-sdk-trace-1.39.0.jar;C:\Users\dudek\.m2\repository\io\opentelemetry\opentelemetry-sdk\1.39.0\opentelemetry-sdk-1.39.0.jar;C:\Users\dudek\.m2\repository\io\opentelemetry\opentelemetry-sdk-metrics\1.39.0\opentelemetry-sdk-metrics-1.39.0.jar;C:\Users\dudek\.m2\repository\io\opentelemetry\opentelemetry-sdk-logs\1.39.0\opentelemetry-sdk-logs-1.39.0.jar;C:\Users\dudek\.m2\repository\org\seleniumhq\selenium\selenium-os\4.22.0\selenium-os-4.22.0.jar;C:\Users\dudek\.m2\repository\org\apache\commons\commons-exec\1.4.0\commons-exec-1.4.0.jar;C:\Users\dudek\.m2\repository\org\seleniumhq\selenium\selenium-safari-driver\4.22.0\selenium-safari-driver-4.22.0.jar;C:\Users\dudek\.m2\repository\org\seleniumhq\selenium\selenium-support\4.22.0\selenium-support-4.22.0.jar;C:\Users\dudek\.m2\repository\org\testng\testng\7.8.0\testng-7.8.0.jar;C:\Users\dudek\.m2\repository\org\slf4j\slf4j-api\1.7.36\slf4j-api-1.7.36.jar;C:\Users\dudek\.m2\repository\com\beust\jcommander\1.82\jcommander-1.82.jar;C:\Users\dudek\.m2\repository\org\webjars\jquery\3.6.1\jquery-3.6.1.jar;C:\Users\dudek\.m2\repository\org\slf4j\slf4j-simple\2.0.13\slf4j-simple-2.0.13.jar;C:\Users\dudek\.m2\repository\io\github\bonigarcia\webdrivermanager\5.9.2\webdrivermanager-5.9.2.jar;C:\Users\dudek\.m2\repository\com\google\code\gson\gson\2.11.0\gson-2.11.0.jar;C:\Users\dudek\.m2\repository\com\google\errorprone\error_prone_annotations\2.27.0\error_prone_annotations-2.27.0.jar;C:\Users\dudek\.m2\repository\com\github\docker-java\docker-java\3.4.0\docker-java-3.4.0.jar;C:\Users\dudek\.m2\repository\com\github\docker-java\docker-java-core\3.4.0\docker-java-core-3.4.0.jar;C:\Users\dudek\.m2\repository\com\github\docker-java\docker-java-api\3.4.0\docker-java-api-3.4.0.jar;C:\Users\dudek\.m2\repository\com\fasterxml\jackson\core\jackson-annotations\2.10.3\jackson-annotations-2.10.3.jar;C:\Users\dudek\.m2\repository\com\fasterxml\jackson\core\jackson-databind\2.10.3\jackson-databind-2.10.3.jar;C:\Users\dudek\.m2\repository\com\fasterxml\jackson\core\jackson-core\2.10.3\jackson-core-2.10.3.jar;C:\Users\dudek\.m2\repository\org\slf4j\jcl-over-slf4j\1.7.30\jcl-over-slf4j-1.7.30.jar;C:\Users\dudek\.m2\repository\com\github\docker-java\docker-java-transport-httpclient5\3.4.0\docker-java-transport-httpclient5-3.4.0.jar;C:\Users\dudek\.m2\repository\com\github\docker-java\docker-java-transport\3.4.0\docker-java-transport-3.4.0.jar;C:\Users\dudek\.m2\repository\net\java\dev\jna\jna\5.13.0\jna-5.13.0.jar;C:\Users\dudek\.m2\repository\org\brotli\dec\0.1.2\dec-0.1.2.jar;C:\Users\dudek\.m2\repository\org\apache\commons\commons-lang3\3.15.0\commons-lang3-3.15.0.jar;C:\Users\dudek\.m2\repository\org\apache\commons\commons-compress\1.26.2\commons-compress-1.26.2.jar;C:\Users\dudek\.m2\repository\commons-codec\commons-codec\1.17.0\commons-codec-1.17.0.jar;C:\Users\dudek\.m2\repository\commons-io\commons-io\2.16.1\commons-io-2.16.1.jar;C:\Users\dudek\.m2\repository\org\apache\httpcomponents\client5\httpclient5\5.2.1\httpclient5-5.2.1.jar;C:\Users\dudek\.m2\repository\org\apache\httpcomponents\core5\httpcore5\5.2\httpcore5-5.2.jar;C:\Users\dudek\.m2\repository\org\apache\httpcomponents\core5\httpcore5-h2\5.2\httpcore5-h2-5.2.jar;C:\Users\dudek\.m2\repository\org\apache\logging\log4j\log4j-core\2.23.1\log4j-core-2.23.1.jar;C:\Users\dudek\.m2\repository\org\apache\logging\log4j\log4j-api\2.23.1\log4j-api-2.23.1.jar;C:\Users\dudek\.m2\repository\org\assertj\assertj-core\3.26.3\assertj-core-3.26.3.jar;C:\Users\dudek\.m2\repository\net\bytebuddy\byte-buddy\1.14.18\byte-buddy-1.14.18.jar;"/>
    <property name="allure.results.directory" value="C:\Users\dudek\IdeaProjects\untitled\seleniumintro/target/allure-results"/>
    <property name="sun.cpu.endian" value="little"/>
    <property name="user.home" value="C:\Users\dudek"/>
    <property name="user.language" value="pl"/>
    <property name="java.specification.vendor" value="Oracle Corporation"/>
    <property name="java.version.date" value="2024-04-16"/>
    <property name="java.home" value="C:\Program Files\Java\jdk-17.0.11"/>
    <property name="file.separator" value="\"/>
    <property name="basedir" value="C:\Users\dudek\IdeaProjects\untitled\seleniumintro"/>
    <property name="java.vm.compressedOopsMode" value="32-bit"/>
    <property name="line.separator" value="&#10;"/>
    <property name="java.vm.specification.vendor" value="Oracle Corporation"/>
    <property name="java.specification.name" value="Java Platform API Specification"/>
    <property name="surefire.real.class.path" value="C:\Users\dudek\AppData\Local\Temp\surefire14731006288087938338\surefirebooter-20240809150022400_3.jar"/>
    <property name="user.script" value=""/>
    <property name="sun.management.compiler" value="HotSpot 64-Bit Tiered Compilers"/>
    <property name="java.runtime.version" value="17.0.11+7-LTS-207"/>
    <property name="user.name" value="Szmek"/>
    <property name="path.separator" value=";"/>
    <property name="os.version" value="10.0"/>
    <property name="java.runtime.name" value="Java(TM) SE Runtime Environment"/>
    <property name="file.encoding" value="Cp1250"/>
    <property name="java.vm.name" value="Java HotSpot(TM) 64-Bit Server VM"/>
    <property name="localRepository" value="C:\Users\dudek\.m2\repository"/>
    <property name="java.vendor.url.bug" value="https://bugreport.java.com/bugreport/"/>
    <property name="java.io.tmpdir" value="C:\Users\dudek\AppData\Local\Temp\"/>
    <property name="java.version" value="17.0.11"/>
    <property name="user.dir" value="C:\Users\dudek\IdeaProjects\untitled\seleniumintro"/>
    <property name="os.arch" value="amd64"/>
    <property name="webdriver.gecko.driver" value="C:\Users\dudek\.cache\selenium\geckodriver\win64\0.35.0\geckodriver.exe"/>
    <property name="java.vm.specification.name" value="Java Virtual Machine Specification"/>
    <property name="sun.os.patch.level" value=""/>
    <property name="native.encoding" value="Cp1250"/>
    <property name="java.library.path" value="C:\Program Files\Java\jdk-17.0.11\bin;C:\Windows\Sun\Java\bin;C:\Windows\system32;C:\Windows;C:\Program Files\Java\jdk-17.0.11;C:\Windows\system32;C:\Windows;C:\Windows\System32\Wbem;C:\Windows\System32\WindowsPowerShell\v1.0\;C:\Windows\System32\OpenSSH\;C:\Program Files\Git\cmd;C:\Szymon\apache-maven-3.9.1\bin;%JAVA_HOME%\bin;C:\Users\dudek\AppData\Local\Microsoft\WindowsApps;;."/>
    <property name="java.vm.info" value="mixed mode, sharing"/>
    <property name="java.vendor" value="Oracle Corporation"/>
    <property name="java.vm.version" value="17.0.11+7-LTS-207"/>
    <property name="sun.io.unicode.encoding" value="UnicodeLittle"/>
    <property name="java.class.version" value="61.0"/>
  </properties>
  <testcase name="asUserTryToLogInWithIncorrectLoginAndPassword" classname="tests.FailedLoginTests" time="1.376">
    <system-out><![CDATA[[INFO ] 2024-08-09 15:00:28.920 [TestNG-tests-1] configuration.PropertiesLoader - Trying to load properties with file name: configuration.properties
[INFO ] 2024-08-09 15:00:28.920 [TestNG-tests-2] configuration.PropertiesLoader - Trying to load properties with file name: configuration.properties
[INFO ] 2024-08-09 15:00:28.920 [TestNG-tests-3] configuration.PropertiesLoader - Trying to load properties with file name: configuration.properties
[INFO ] 2024-08-09 15:00:28.929 [TestNG-tests-1] configuration.PropertiesLoader - Successfully loaded properties for file: configuration.properties
[INFO ] 2024-08-09 15:00:28.929 [TestNG-tests-2] configuration.PropertiesLoader - Successfully loaded properties for file: configuration.properties
[INFO ] 2024-08-09 15:00:28.930 [TestNG-tests-3] configuration.PropertiesLoader - Successfully loaded properties for file: configuration.properties
[INFO ] 2024-08-09 15:00:41.420 [TestNG-tests-3] utils.testng.listeners.TestListener - Starting test: signOnFirstBeforeAttemptingToCheckout
[INFO ] 2024-08-09 15:00:41.469 [TestNG-tests-2] utils.testng.listeners.TestListener - Starting test: asUserLoginUsingValidLoginAndPassword
[INFO ] 2024-08-09 15:00:41.860 [TestNG-tests-2] driver.listeners.DriverEventListener - Trying to find WebElement with locator By.name: username
[INFO ] 2024-08-09 15:00:41.910 [TestNG-tests-3] driver.listeners.DriverEventListener - Trying to find WebElement with locator By.cssSelector: #SidebarContent > a:nth-child(1)
[INFO ] 2024-08-09 15:00:41.960 [TestNG-tests-2] driver.listeners.DriverEventListener - Found WebElement with locator By.name: username
[INFO ] 2024-08-09 15:00:41.961 [TestNG-tests-3] driver.listeners.DriverEventListener - Found WebElement with locator By.cssSelector: #SidebarContent > a:nth-child(1)
[INFO ] 2024-08-09 15:00:42.079 [TestNG-tests-2] driver.listeners.DriverEventListener - Trying to find WebElement with locator By.name: username
[INFO ] 2024-08-09 15:00:42.085 [TestNG-tests-3] driver.listeners.DriverEventListener - Trying to find WebElement with locator By.cssSelector: #SidebarContent > a:nth-child(1)
[INFO ] 2024-08-09 15:00:42.164 [TestNG-tests-3] driver.listeners.DriverEventListener - Found WebElement with locator By.cssSelector: #SidebarContent > a:nth-child(1)
[INFO ] 2024-08-09 15:00:42.173 [TestNG-tests-2] driver.listeners.DriverEventListener - Found WebElement with locator By.name: username
[INFO ] 2024-08-09 15:00:42.252 [TestNG-tests-2] driver.listeners.DriverEventListener - Trying to find WebElement with locator By.name: username
[INFO ] 2024-08-09 15:00:42.262 [TestNG-tests-3] driver.listeners.DriverEventListener - Trying to find WebElement with locator By.cssSelector: #SidebarContent > a:nth-child(1)
[INFO ] 2024-08-09 15:00:42.411 [TestNG-tests-2] driver.listeners.DriverEventListener - Found WebElement with locator By.name: username
[INFO ] 2024-08-09 15:00:42.411 [TestNG-tests-2] driver.listeners.DriverEventListener - Trying to clear WebElement
[INFO ] 2024-08-09 15:00:42.415 [TestNG-tests-3] driver.listeners.DriverEventListener - Found WebElement with locator By.cssSelector: #SidebarContent > a:nth-child(1)
[INFO ] 2024-08-09 15:00:42.415 [TestNG-tests-3] driver.listeners.DriverEventListener - Trying to click WebElement
[INFO ] 2024-08-09 15:00:43.335 [TestNG-tests-2] driver.listeners.DriverEventListener - Cleared WebElement [[ChromeDriver: chrome on windows (bc2d02ab7d42cf544f045336a5c1ffad)] -> name: username]
[INFO ] 2024-08-09 15:00:43.335 [TestNG-tests-2] driver.listeners.DriverEventListener - Trying to find WebElement with locator By.name: username
[INFO ] 2024-08-09 15:00:43.399 [TestNG-tests-2] driver.listeners.DriverEventListener - Found WebElement with locator By.name: username
[INFO ] 2024-08-09 15:00:43.400 [TestNG-tests-2] driver.listeners.DriverEventListener - Trying to type text [j2ee]
[INFO ] 2024-08-09 15:00:43.531 [TestNG-tests-3] driver.listeners.DriverEventListener - Clicked WebElement
[INFO ] 2024-08-09 15:00:43.531 [TestNG-tests-3] page.objects.MiddleMenuPage - Clicked On Fish link
[INFO ] 2024-08-09 15:00:43.566 [TestNG-tests-3] driver.listeners.DriverEventListener - Trying to find WebElement with locator By.cssSelector: #Catalog > table > tbody > tr:nth-child(2) > td:nth-child(1) > a
[INFO ] 2024-08-09 15:00:43.617 [TestNG-tests-3] driver.listeners.DriverEventListener - Found WebElement with locator By.cssSelector: #Catalog > table > tbody > tr:nth-child(2) > td:nth-child(1) > a
[INFO ] 2024-08-09 15:00:43.644 [TestNG-tests-2] driver.listeners.DriverEventListener - Typed text [j2ee]
[INFO ] 2024-08-09 15:00:43.645 [TestNG-tests-2] page.objects.LoginPage - Typed into username field {}j2ee
[INFO ] 2024-08-09 15:00:43.647 [TestNG-tests-2] driver.listeners.DriverEventListener - Trying to find WebElement with locator By.name: password
[INFO ] 2024-08-09 15:00:43.704 [TestNG-tests-2] driver.listeners.DriverEventListener - Found WebElement with locator By.name: password
[INFO ] 2024-08-09 15:00:43.704 [TestNG-tests-2] driver.listeners.DriverEventListener - Trying to clear WebElement
[INFO ] 2024-08-09 15:00:43.739 [TestNG-tests-1] utils.testng.listeners.TestListener - Starting test: asUserTryToLogInWithIncorrectLoginAndPassword
[INFO ] 2024-08-09 15:00:43.806 [TestNG-tests-3] driver.listeners.DriverEventListener - Trying to find WebElement with locator By.cssSelector: #Catalog > table > tbody > tr:nth-child(2) > td:nth-child(1) > a
[INFO ] 2024-08-09 15:00:43.849 [TestNG-tests-3] driver.listeners.DriverEventListener - Found WebElement with locator By.cssSelector: #Catalog > table > tbody > tr:nth-child(2) > td:nth-child(1) > a
[INFO ] 2024-08-09 15:00:43.967 [TestNG-tests-2] driver.listeners.DriverEventListener - Cleared WebElement [[ChromeDriver: chrome on windows (bc2d02ab7d42cf544f045336a5c1ffad)] -> name: password]
[INFO ] 2024-08-09 15:00:43.967 [TestNG-tests-2] driver.listeners.DriverEventListener - Trying to find WebElement with locator By.name: password
[INFO ] 2024-08-09 15:00:43.978 [TestNG-tests-3] driver.listeners.DriverEventListener - Trying to find WebElement with locator By.cssSelector: #Catalog > table > tbody > tr:nth-child(2) > td:nth-child(1) > a
[INFO ] 2024-08-09 15:00:44.016 [TestNG-tests-2] driver.listeners.DriverEventListener - Found WebElement with locator By.name: password
[INFO ] 2024-08-09 15:00:44.016 [TestNG-tests-2] driver.listeners.DriverEventListener - Trying to type text [j2ee]
[INFO ] 2024-08-09 15:00:44.041 [TestNG-tests-3] driver.listeners.DriverEventListener - Found WebElement with locator By.cssSelector: #Catalog > table > tbody > tr:nth-child(2) > td:nth-child(1) > a
[INFO ] 2024-08-09 15:00:44.041 [TestNG-tests-3] driver.listeners.DriverEventListener - Trying to click WebElement
[INFO ] 2024-08-09 15:00:44.076 [TestNG-tests-1] driver.listeners.DriverEventListener - Trying to find WebElement with locator By.name: username
[INFO ] 2024-08-09 15:00:44.114 [TestNG-tests-1] driver.listeners.DriverEventListener - Found WebElement with locator By.name: username
[INFO ] 2024-08-09 15:00:44.139 [TestNG-tests-1] driver.listeners.DriverEventListener - Trying to find WebElement with locator By.name: username
[INFO ] 2024-08-09 15:00:44.162 [TestNG-tests-1] driver.listeners.DriverEventListener - Found WebElement with locator By.name: username
[INFO ] 2024-08-09 15:00:44.169 [TestNG-tests-1] driver.listeners.DriverEventListener - Trying to find WebElement with locator By.name: username
[INFO ] 2024-08-09 15:00:44.187 [TestNG-tests-1] driver.listeners.DriverEventListener - Found WebElement with locator By.name: username
[INFO ] 2024-08-09 15:00:44.187 [TestNG-tests-1] driver.listeners.DriverEventListener - Trying to clear WebElement
[INFO ] 2024-08-09 15:00:44.197 [TestNG-tests-1] driver.listeners.DriverEventListener - Cleared WebElement [[FirefoxDriver: firefox on windows (6c895381-cd51-4272-9c11-ce2827b953d4)] -> name: username]
[INFO ] 2024-08-09 15:00:44.197 [TestNG-tests-1] driver.listeners.DriverEventListener - Trying to find WebElement with locator By.name: username
[INFO ] 2024-08-09 15:00:44.225 [TestNG-tests-1] driver.listeners.DriverEventListener - Found WebElement with locator By.name: username
[INFO ] 2024-08-09 15:00:44.225 [TestNG-tests-1] driver.listeners.DriverEventListener - Trying to type text [randomBullShit]
[INFO ] 2024-08-09 15:00:44.255 [TestNG-tests-2] driver.listeners.DriverEventListener - Typed text [j2ee]
[INFO ] 2024-08-09 15:00:44.255 [TestNG-tests-2] page.objects.LoginPage - Typed into password field {}j2ee
[INFO ] 2024-08-09 15:00:44.256 [TestNG-tests-2] driver.listeners.DriverEventListener - Trying to find WebElement with locator By.name: signon
[INFO ] 2024-08-09 15:00:44.273 [TestNG-tests-1] driver.listeners.DriverEventListener - Typed text [randomBullShit]
[INFO ] 2024-08-09 15:00:44.273 [TestNG-tests-1] page.objects.LoginPage - Typed into username field {}randomBullShit
[INFO ] 2024-08-09 15:00:44.273 [TestNG-tests-1] driver.listeners.DriverEventListener - Trying to find WebElement with locator By.name: password
[INFO ] 2024-08-09 15:00:44.292 [TestNG-tests-1] driver.listeners.DriverEventListener - Found WebElement with locator By.name: password
[INFO ] 2024-08-09 15:00:44.293 [TestNG-tests-1] driver.listeners.DriverEventListener - Trying to clear WebElement
[INFO ] 2024-08-09 15:00:44.301 [TestNG-tests-1] driver.listeners.DriverEventListener - Cleared WebElement [[FirefoxDriver: firefox on windows (6c895381-cd51-4272-9c11-ce2827b953d4)] -> name: password]
[INFO ] 2024-08-09 15:00:44.302 [TestNG-tests-1] driver.listeners.DriverEventListener - Trying to find WebElement with locator By.name: password
[INFO ] 2024-08-09 15:00:44.322 [TestNG-tests-1] driver.listeners.DriverEventListener - Found WebElement with locator By.name: password
[INFO ] 2024-08-09 15:00:44.322 [TestNG-tests-1] driver.listeners.DriverEventListener - Trying to type text [RandomBullShit]
[INFO ] 2024-08-09 15:00:44.338 [TestNG-tests-1] driver.listeners.DriverEventListener - Typed text [RandomBullShit]
[INFO ] 2024-08-09 15:00:44.338 [TestNG-tests-1] page.objects.LoginPage - Typed into password field {}RandomBullShit
[INFO ] 2024-08-09 15:00:44.339 [TestNG-tests-1] driver.listeners.DriverEventListener - Trying to find WebElement with locator By.name: signon
[INFO ] 2024-08-09 15:00:44.395 [TestNG-tests-1] driver.listeners.DriverEventListener - Found WebElement with locator By.name: signon
[INFO ] 2024-08-09 15:00:44.410 [TestNG-tests-1] driver.listeners.DriverEventListener - Trying to find WebElement with locator By.name: signon
[INFO ] 2024-08-09 15:00:44.507 [TestNG-tests-1] driver.listeners.DriverEventListener - Found WebElement with locator By.name: signon
[INFO ] 2024-08-09 15:00:44.513 [TestNG-tests-1] driver.listeners.DriverEventListener - Trying to find WebElement with locator By.name: signon
[INFO ] 2024-08-09 15:00:44.557 [TestNG-tests-1] driver.listeners.DriverEventListener - Found WebElement with locator By.name: signon
[INFO ] 2024-08-09 15:00:44.557 [TestNG-tests-1] driver.listeners.DriverEventListener - Trying to click WebElement
[INFO ] 2024-08-09 15:00:44.670 [TestNG-tests-2] driver.listeners.DriverEventListener - Found WebElement with locator By.name: signon
[INFO ] 2024-08-09 15:00:44.771 [TestNG-tests-1] driver.listeners.DriverEventListener - Clicked WebElement
[INFO ] 2024-08-09 15:00:44.771 [TestNG-tests-1] page.objects.LoginPage - CLicked On Log In Button
[INFO ] 2024-08-09 15:00:44.786 [TestNG-tests-1] page.objects.LoginPage - Checking if warning message Invalid username or password. Signon failed. is displayed
[INFO ] 2024-08-09 15:00:44.787 [TestNG-tests-1] driver.listeners.DriverEventListener - Trying to find WebElement with locator By.className: messages
[INFO ] 2024-08-09 15:00:44.808 [TestNG-tests-1] driver.listeners.DriverEventListener - Found WebElement with locator By.className: messages
[INFO ] 2024-08-09 15:00:44.890 [TestNG-tests-2] driver.listeners.DriverEventListener - Trying to find WebElement with locator By.name: signon
[INFO ] 2024-08-09 15:00:45.037 [TestNG-tests-1] generic.assertions.AssertWebElement - Checking if element is displayed
[INFO ] 2024-08-09 15:00:45.039 [TestNG-tests-1] driver.listeners.DriverEventListener - Trying to find WebElement with locator By.className: messages
[INFO ] 2024-08-09 15:00:45.057 [TestNG-tests-3] driver.listeners.DriverEventListener - Clicked WebElement
[INFO ] 2024-08-09 15:00:45.059 [TestNG-tests-3] driver.listeners.DriverEventListener - Trying to find WebElement with locator By.cssSelector: #Catalog > table > tbody > tr:nth-child(3) > td:nth-child(5) > a
[INFO ] 2024-08-09 15:00:45.067 [TestNG-tests-1] driver.listeners.DriverEventListener - Found WebElement with locator By.className: messages
[INFO ] 2024-08-09 15:00:45.081 [TestNG-tests-1] generic.assertions.AssertWebElement - WebElement was displayed!
[INFO ] 2024-08-09 15:00:45.082 [TestNG-tests-1] generic.assertions.AssertWebElement - Checking if WebElement has text: Invalid username or password. Signon failed.
[INFO ] 2024-08-09 15:00:45.082 [TestNG-tests-1] driver.listeners.DriverEventListener - Trying to find WebElement with locator By.className: messages
[INFO ] 2024-08-09 15:00:45.102 [TestNG-tests-1] driver.listeners.DriverEventListener - Found WebElement with locator By.className: messages
[INFO ] 2024-08-09 15:00:45.116 [TestNG-tests-1] generic.assertions.AssertWebElement - WebElement had expected text!
[INFO ] 2024-08-09 15:00:45.117 [TestNG-tests-2] driver.listeners.DriverEventListener - Found WebElement with locator By.name: signon
[INFO ] 2024-08-09 15:00:45.121 [TestNG-tests-1] utils.testng.listeners.TestListener - Test asUserTryToLogInWithIncorrectLoginAndPassword passed successfully
]]></system-out>
    <system-err><![CDATA[SLF4J: Failed to load class "org.slf4j.impl.StaticLoggerBinder".
SLF4J: Defaulting to no-operation (NOP) logger implementation
SLF4J: See http://www.slf4j.org/codes.html#StaticLoggerBinder for further details.
sie 09, 2024 3:00:37 PM org.openqa.selenium.devtools.CdpVersionFinder findNearestMatch
WARNING: Unable to find an exact match for CDP version 127, returning the closest version; found: 126; Please update to a Selenium version that supports CDP version 127
sie 09, 2024 3:00:37 PM org.openqa.selenium.devtools.CdpVersionFinder findNearestMatch
WARNING: Unable to find an exact match for CDP version 127, returning the closest version; found: 126; Please update to a Selenium version that supports CDP version 127
]]></system-err>
  </testcase>
  <testcase name="asUserLoginUsingValidLoginAndPassword" classname="tests.CorrectLoginTests" time="1.987">
    <system-out><![CDATA[[INFO ] 2024-08-09 15:00:45.195 [TestNG-tests-3] driver.listeners.DriverEventListener - Found WebElement with locator By.cssSelector: #Catalog > table > tbody > tr:nth-child(3) > td:nth-child(5) > a
[INFO ] 2024-08-09 15:00:45.222 [TestNG-tests-2] driver.listeners.DriverEventListener - Trying to find WebElement with locator By.name: signon
[INFO ] 2024-08-09 15:00:45.230 [TestNG-tests-3] driver.listeners.DriverEventListener - Trying to find WebElement with locator By.cssSelector: #Catalog > table > tbody > tr:nth-child(3) > td:nth-child(5) > a
[INFO ] 2024-08-09 15:00:45.251 [TestNG-tests-2] driver.listeners.DriverEventListener - Found WebElement with locator By.name: signon
[INFO ] 2024-08-09 15:00:45.251 [TestNG-tests-2] driver.listeners.DriverEventListener - Trying to click WebElement
[INFO ] 2024-08-09 15:00:45.270 [TestNG-tests-3] driver.listeners.DriverEventListener - Found WebElement with locator By.cssSelector: #Catalog > table > tbody > tr:nth-child(3) > td:nth-child(5) > a
[INFO ] 2024-08-09 15:00:45.306 [TestNG-tests-3] driver.listeners.DriverEventListener - Trying to find WebElement with locator By.cssSelector: #Catalog > table > tbody > tr:nth-child(3) > td:nth-child(5) > a
[INFO ] 2024-08-09 15:00:45.336 [TestNG-tests-3] driver.listeners.DriverEventListener - Found WebElement with locator By.cssSelector: #Catalog > table > tbody > tr:nth-child(3) > td:nth-child(5) > a
[INFO ] 2024-08-09 15:00:45.336 [TestNG-tests-3] driver.listeners.DriverEventListener - Trying to click WebElement
[INFO ] 2024-08-09 15:00:45.492 [TestNG-tests-3] driver.listeners.DriverEventListener - Clicked WebElement
[INFO ] 2024-08-09 15:00:45.493 [TestNG-tests-3] page.objects.AngelFishPage - Clicked on small angel fish add to cart
[INFO ] 2024-08-09 15:00:45.496 [TestNG-tests-3] driver.listeners.DriverEventListener - Trying to find WebElement with locator By.cssSelector: #Cart > a
[INFO ] 2024-08-09 15:00:45.558 [TestNG-tests-3] driver.listeners.DriverEventListener - Found WebElement with locator By.cssSelector: #Cart > a
[INFO ] 2024-08-09 15:00:45.572 [TestNG-tests-3] driver.listeners.DriverEventListener - Trying to find WebElement with locator By.cssSelector: #Cart > a
[INFO ] 2024-08-09 15:00:45.599 [TestNG-tests-3] driver.listeners.DriverEventListener - Found WebElement with locator By.cssSelector: #Cart > a
[INFO ] 2024-08-09 15:00:45.612 [TestNG-tests-3] driver.listeners.DriverEventListener - Trying to find WebElement with locator By.cssSelector: #Cart > a
[INFO ] 2024-08-09 15:00:45.639 [TestNG-tests-3] driver.listeners.DriverEventListener - Found WebElement with locator By.cssSelector: #Cart > a
[INFO ] 2024-08-09 15:00:45.639 [TestNG-tests-3] driver.listeners.DriverEventListener - Trying to click WebElement
[INFO ] 2024-08-09 15:00:45.661 [TestNG-tests-2] driver.listeners.DriverEventListener - Clicked WebElement
[INFO ] 2024-08-09 15:00:45.661 [TestNG-tests-2] page.objects.LoginPage - CLicked On Log In Button
[INFO ] 2024-08-09 15:00:45.662 [TestNG-tests-2] page.objects.FooterPage - Checking if dog banner is displayed
[INFO ] 2024-08-09 15:00:45.662 [TestNG-tests-2] driver.listeners.DriverEventListener - Trying to find WebElement with locator By.cssSelector: #Banner
[INFO ] 2024-08-09 15:00:45.698 [TestNG-tests-2] driver.listeners.DriverEventListener - Found WebElement with locator By.cssSelector: #Banner
[INFO ] 2024-08-09 15:00:45.709 [TestNG-tests-2] generic.assertions.AssertWebElement - Checking if element is displayed
[INFO ] 2024-08-09 15:00:45.710 [TestNG-tests-2] driver.listeners.DriverEventListener - Trying to find WebElement with locator By.cssSelector: #Banner
[INFO ] 2024-08-09 15:00:45.752 [TestNG-tests-2] driver.listeners.DriverEventListener - Found WebElement with locator By.cssSelector: #Banner
[INFO ] 2024-08-09 15:00:45.769 [TestNG-tests-2] generic.assertions.AssertWebElement - WebElement was displayed!
[INFO ] 2024-08-09 15:00:45.770 [TestNG-tests-2] utils.testng.listeners.TestListener - Test asUserLoginUsingValidLoginAndPassword passed successfully
]]></system-out>
  </testcase>
  <testcase name="signOnFirstBeforeAttemptingToCheckout" classname="tests.SignOnFirstMessageTests" time="2.415">
    <system-out><![CDATA[[INFO ] 2024-08-09 15:00:45.863 [TestNG-tests-3] driver.listeners.DriverEventListener - Clicked WebElement
[INFO ] 2024-08-09 15:00:45.866 [TestNG-tests-3] page.objects.LoginPage - Checking if warning message You must sign on before attempting to check out. Please sign on and try checking out again. is displayed
[INFO ] 2024-08-09 15:00:45.866 [TestNG-tests-3] driver.listeners.DriverEventListener - Trying to find WebElement with locator By.className: messages
[INFO ] 2024-08-09 15:00:45.917 [TestNG-tests-3] driver.listeners.DriverEventListener - Found WebElement with locator By.className: messages
[INFO ] 2024-08-09 15:00:45.956 [TestNG-tests-3] generic.assertions.AssertWebElement - Checking if element is displayed
[INFO ] 2024-08-09 15:00:45.962 [TestNG-tests-3] driver.listeners.DriverEventListener - Trying to find WebElement with locator By.className: messages
[INFO ] 2024-08-09 15:00:46.053 [TestNG-tests-3] driver.listeners.DriverEventListener - Found WebElement with locator By.className: messages
[INFO ] 2024-08-09 15:00:46.144 [TestNG-tests-3] generic.assertions.AssertWebElement - WebElement was displayed!
[INFO ] 2024-08-09 15:00:46.144 [TestNG-tests-3] generic.assertions.AssertWebElement - Checking if WebElement has text: You must sign on before attempting to check out. Please sign on and try checking out again.
[INFO ] 2024-08-09 15:00:46.144 [TestNG-tests-3] driver.listeners.DriverEventListener - Trying to find WebElement with locator By.className: messages
[INFO ] 2024-08-09 15:00:46.176 [TestNG-tests-3] driver.listeners.DriverEventListener - Found WebElement with locator By.className: messages
[INFO ] 2024-08-09 15:00:46.201 [TestNG-tests-3] generic.assertions.AssertWebElement - WebElement had expected text!
[INFO ] 2024-08-09 15:00:46.202 [TestNG-tests-3] utils.testng.listeners.TestListener - Test signOnFirstBeforeAttemptingToCheckout passed successfully
]]></system-out>
    <system-err><![CDATA[sie 09, 2024 3:00:45 PM page.objects.ShoppingCartPage clickOnProceedToCheckoutButton
INFO: Clicked on check out button
]]></system-err>
  </testcase>
</testsuite>