<?xml version="1.0" encoding="UTF-8"?>
<!-- Generated by org.testng.reporters.JUnitReportReporter -->
<testsuite hostname="DESKTOP-9BAI1FT" failures="0" tests="1" name="tests.FailedLoginTests" time="16.073" errors="0" timestamp="2024-08-09T15:00:48 CEST" skipped="0">
  <testcase classname="tests.FailedLoginTests" name="asUserTryToLogInWithIncorrectLoginAndPassword" time="16.073"/>
</testsuite> <!-- tests.FailedLoginTests -->
