<?xml version="1.0" encoding="UTF-8"?>
<!-- Generated by org.testng.reporters.JUnitReportReporter -->
<testsuite hostname="DESKTOP-9BAI1FT" failures="0" tests="1" name="tests.CorrectLoginTests" time="19.286" errors="0" timestamp="2024-08-09T15:00:48 CEST" skipped="0">
  <testcase classname="tests.CorrectLoginTests" name="asUserLoginUsingValidLoginAndPassword" time="19.286"/>
</testsuite> <!-- tests.CorrectLoginTests -->
