<?xml version="1.0" encoding="UTF-8"?>
<!-- Generated by org.testng.reporters.JUnitReportReporter -->
<testsuite hostname="DESKTOP-9BAI1FT" failures="0" tests="1" name="tests.SignOnFirstMessageTests" time="19.223" errors="0" timestamp="2024-08-09T15:00:48 CEST" skipped="0">
  <testcase classname="tests.SignOnFirstMessageTests" name="signOnFirstBeforeAttemptingToCheckout" time="19.223"/>
</testsuite> <!-- tests.SignOnFirstMessageTests -->
